<?xml version="1.0" encoding="UTF-8"?>
<!-- Generated by org.testng.reporters.JUnitReportReporter -->
<testsuite hostname="DESKTOP-7K882U9" failures="0" tests="2" name="qaclickacademy.RESTAPITest" time="0.016" errors="0" timestamp="2021-07-03T22:20:57 EDT" skipped="0">
  <testcase classname="qaclickacademy.RESTAPITest" name="postJira" time="0.002"/>
  <system-out/>
  <testcase classname="qaclickacademy.RESTAPITest" name="deleteTwitter" time="0.014"/>
  <system-out/>
</testsuite> <!-- qaclickacademy.RESTAPITest -->
