<?xml version="1.0" encoding="UTF-8"?>
<!-- Generated by org.testng.reporters.JUnitReportReporter -->
<testsuite hostname="DESKTOP-7K882U9" failures="0" tests="2" name="qaclickacademy.SeleniumTest" time="0.016" errors="0" timestamp="2021-07-03T22:21:42 EDT" skipped="0">
  <testcase classname="qaclickacademy.SeleniumTest" name="elementsUi" time="0.003"/>
  <system-out/>
  <testcase classname="qaclickacademy.SeleniumTest" name="BrowserAutomation" time="0.013"/>
  <system-out/>
</testsuite> <!-- qaclickacademy.SeleniumTest -->
